Performing C++ SOURCE FILE Test CMAKE_HAVE_LIBC_PTHREAD failed with the following output:
Change Dir: /home/fx/softDocument/vscode/cpp/muduo_server_learn/src/16/build/debug/CMakeFiles/CMakeTmp

Run Build Command(s):/usr/bin/make cmTC_838d0/fast && /usr/bin/make -f CMakeFiles/cmTC_838d0.dir/build.make CMakeFiles/cmTC_838d0.dir/build
make[1]: 进入目录“/home/fx/softDocument/vscode/cpp/muduo_server_learn/src/16/build/debug/CMakeFiles/CMakeTmp”
Building CXX object CMakeFiles/cmTC_838d0.dir/src.cxx.o
/usr/bin/c++    -g -D_FILE_OFFSET_BITS=64 -Wall -Wextra -Werror -Wconversion -Wno-unused-parameter -Wold-style-cast -Woverloaded-virtual -Wpointer-arith -Wshadow -Wwrite-strings -march=native -rdynamic -DCMAKE_HAVE_LIBC_PTHREAD   -o CMakeFiles/cmTC_838d0.dir/src.cxx.o -c /home/fx/softDocument/vscode/cpp/muduo_server_learn/src/16/build/debug/CMakeFiles/CMakeTmp/src.cxx
Linking CXX executable cmTC_838d0
/usr/bin/cmake -E cmake_link_script CMakeFiles/cmTC_838d0.dir/link.txt --verbose=1
/usr/bin/c++  -g -D_FILE_OFFSET_BITS=64 -Wall -Wextra -Werror -Wconversion -Wno-unused-parameter -Wold-style-cast -Woverloaded-virtual -Wpointer-arith -Wshadow -Wwrite-strings -march=native -rdynamic -DCMAKE_HAVE_LIBC_PTHREAD    -rdynamic CMakeFiles/cmTC_838d0.dir/src.cxx.o  -o cmTC_838d0 
/usr/bin/ld: CMakeFiles/cmTC_838d0.dir/src.cxx.o: in function `main':
/home/fx/softDocument/vscode/cpp/muduo_server_learn/src/16/build/debug/CMakeFiles/CMakeTmp/src.cxx:11: undefined reference to `pthread_create'
/usr/bin/ld: /home/fx/softDocument/vscode/cpp/muduo_server_learn/src/16/build/debug/CMakeFiles/CMakeTmp/src.cxx:12: undefined reference to `pthread_detach'
/usr/bin/ld: /home/fx/softDocument/vscode/cpp/muduo_server_learn/src/16/build/debug/CMakeFiles/CMakeTmp/src.cxx:13: undefined reference to `pthread_join'
collect2: error: ld returned 1 exit status
make[1]: *** [CMakeFiles/cmTC_838d0.dir/build.make:87：cmTC_838d0] 错误 1
make[1]: 离开目录“/home/fx/softDocument/vscode/cpp/muduo_server_learn/src/16/build/debug/CMakeFiles/CMakeTmp”
make: *** [Makefile:121：cmTC_838d0/fast] 错误 2


Source file was:
#include <pthread.h>

void* test_func(void* data)
{
  return data;
}

int main(void)
{
  pthread_t thread;
  pthread_create(&thread, NULL, test_func, NULL);
  pthread_detach(thread);
  pthread_join(thread, NULL);
  pthread_atfork(NULL, NULL, NULL);
  pthread_exit(NULL);

  return 0;
}

Determining if the function pthread_create exists in the pthreads failed with the following output:
Change Dir: /home/fx/softDocument/vscode/cpp/muduo_server_learn/src/16/build/debug/CMakeFiles/CMakeTmp

Run Build Command(s):/usr/bin/make cmTC_c5234/fast && /usr/bin/make -f CMakeFiles/cmTC_c5234.dir/build.make CMakeFiles/cmTC_c5234.dir/build
make[1]: 进入目录“/home/fx/softDocument/vscode/cpp/muduo_server_learn/src/16/build/debug/CMakeFiles/CMakeTmp”
Building CXX object CMakeFiles/cmTC_c5234.dir/CheckFunctionExists.cxx.o
/usr/bin/c++    -g -D_FILE_OFFSET_BITS=64 -Wall -Wextra -Werror -Wconversion -Wno-unused-parameter -Wold-style-cast -Woverloaded-virtual -Wpointer-arith -Wshadow -Wwrite-strings -march=native -rdynamic -DCHECK_FUNCTION_EXISTS=pthread_create   -o CMakeFiles/cmTC_c5234.dir/CheckFunctionExists.cxx.o -c /home/fx/softDocument/vscode/cpp/muduo_server_learn/src/16/build/debug/CMakeFiles/CheckLibraryExists/CheckFunctionExists.cxx
Linking CXX executable cmTC_c5234
/usr/bin/cmake -E cmake_link_script CMakeFiles/cmTC_c5234.dir/link.txt --verbose=1
/usr/bin/c++  -g -D_FILE_OFFSET_BITS=64 -Wall -Wextra -Werror -Wconversion -Wno-unused-parameter -Wold-style-cast -Woverloaded-virtual -Wpointer-arith -Wshadow -Wwrite-strings -march=native -rdynamic -DCHECK_FUNCTION_EXISTS=pthread_create    -rdynamic CMakeFiles/cmTC_c5234.dir/CheckFunctionExists.cxx.o  -o cmTC_c5234  -lpthreads 
/usr/bin/ld: 找不到 -lpthreads
collect2: error: ld returned 1 exit status
make[1]: *** [CMakeFiles/cmTC_c5234.dir/build.make:87：cmTC_c5234] 错误 1
make[1]: 离开目录“/home/fx/softDocument/vscode/cpp/muduo_server_learn/src/16/build/debug/CMakeFiles/CMakeTmp”
make: *** [Makefile:121：cmTC_c5234/fast] 错误 2



