Performing C++ SOURCE FILE Test CMAKE_HAVE_LIBC_PTHREAD failed with the following output:
Change Dir: /home/fx/softDocument/vscode/cpp/muduo_server_learn/src/10/build/debug/CMakeFiles/CMakeTmp

Run Build Command(s):/usr/bin/make cmTC_ea66c/fast && /usr/bin/make -f CMakeFiles/cmTC_ea66c.dir/build.make CMakeFiles/cmTC_ea66c.dir/build
make[1]: 进入目录“/home/fx/softDocument/vscode/cpp/muduo_server_learn/src/10/build/debug/CMakeFiles/CMakeTmp”
Building CXX object CMakeFiles/cmTC_ea66c.dir/src.cxx.o
/usr/bin/c++    -g -D_FILE_OFFSET_BITS=64 -Wall -Wextra -Werror -Wconversion -Wno-unused-parameter -Wold-style-cast -Woverloaded-virtual -Wpointer-arith -Wshadow -Wwrite-strings -march=native -rdynamic -DCMAKE_HAVE_LIBC_PTHREAD   -o CMakeFiles/cmTC_ea66c.dir/src.cxx.o -c /home/fx/softDocument/vscode/cpp/muduo_server_learn/src/10/build/debug/CMakeFiles/CMakeTmp/src.cxx
Linking CXX executable cmTC_ea66c
/usr/bin/cmake -E cmake_link_script CMakeFiles/cmTC_ea66c.dir/link.txt --verbose=1
/usr/bin/c++  -g -D_FILE_OFFSET_BITS=64 -Wall -Wextra -Werror -Wconversion -Wno-unused-parameter -Wold-style-cast -Woverloaded-virtual -Wpointer-arith -Wshadow -Wwrite-strings -march=native -rdynamic -DCMAKE_HAVE_LIBC_PTHREAD    -rdynamic CMakeFiles/cmTC_ea66c.dir/src.cxx.o  -o cmTC_ea66c 
/usr/bin/ld: CMakeFiles/cmTC_ea66c.dir/src.cxx.o: in function `main':
/home/fx/softDocument/vscode/cpp/muduo_server_learn/src/10/build/debug/CMakeFiles/CMakeTmp/src.cxx:11: undefined reference to `pthread_create'
/usr/bin/ld: /home/fx/softDocument/vscode/cpp/muduo_server_learn/src/10/build/debug/CMakeFiles/CMakeTmp/src.cxx:12: undefined reference to `pthread_detach'
/usr/bin/ld: /home/fx/softDocument/vscode/cpp/muduo_server_learn/src/10/build/debug/CMakeFiles/CMakeTmp/src.cxx:13: undefined reference to `pthread_join'
collect2: error: ld returned 1 exit status
make[1]: *** [CMakeFiles/cmTC_ea66c.dir/build.make:87：cmTC_ea66c] 错误 1
make[1]: 离开目录“/home/fx/softDocument/vscode/cpp/muduo_server_learn/src/10/build/debug/CMakeFiles/CMakeTmp”
make: *** [Makefile:121：cmTC_ea66c/fast] 错误 2


Source file was:
#include <pthread.h>

void* test_func(void* data)
{
  return data;
}

int main(void)
{
  pthread_t thread;
  pthread_create(&thread, NULL, test_func, NULL);
  pthread_detach(thread);
  pthread_join(thread, NULL);
  pthread_atfork(NULL, NULL, NULL);
  pthread_exit(NULL);

  return 0;
}

Determining if the function pthread_create exists in the pthreads failed with the following output:
Change Dir: /home/fx/softDocument/vscode/cpp/muduo_server_learn/src/10/build/debug/CMakeFiles/CMakeTmp

Run Build Command(s):/usr/bin/make cmTC_ebe20/fast && /usr/bin/make -f CMakeFiles/cmTC_ebe20.dir/build.make CMakeFiles/cmTC_ebe20.dir/build
make[1]: 进入目录“/home/fx/softDocument/vscode/cpp/muduo_server_learn/src/10/build/debug/CMakeFiles/CMakeTmp”
Building CXX object CMakeFiles/cmTC_ebe20.dir/CheckFunctionExists.cxx.o
/usr/bin/c++    -g -D_FILE_OFFSET_BITS=64 -Wall -Wextra -Werror -Wconversion -Wno-unused-parameter -Wold-style-cast -Woverloaded-virtual -Wpointer-arith -Wshadow -Wwrite-strings -march=native -rdynamic -DCHECK_FUNCTION_EXISTS=pthread_create   -o CMakeFiles/cmTC_ebe20.dir/CheckFunctionExists.cxx.o -c /home/fx/softDocument/vscode/cpp/muduo_server_learn/src/10/build/debug/CMakeFiles/CheckLibraryExists/CheckFunctionExists.cxx
Linking CXX executable cmTC_ebe20
/usr/bin/cmake -E cmake_link_script CMakeFiles/cmTC_ebe20.dir/link.txt --verbose=1
/usr/bin/c++  -g -D_FILE_OFFSET_BITS=64 -Wall -Wextra -Werror -Wconversion -Wno-unused-parameter -Wold-style-cast -Woverloaded-virtual -Wpointer-arith -Wshadow -Wwrite-strings -march=native -rdynamic -DCHECK_FUNCTION_EXISTS=pthread_create    -rdynamic CMakeFiles/cmTC_ebe20.dir/CheckFunctionExists.cxx.o  -o cmTC_ebe20  -lpthreads 
/usr/bin/ld: 找不到 -lpthreads
collect2: error: ld returned 1 exit status
make[1]: *** [CMakeFiles/cmTC_ebe20.dir/build.make:87：cmTC_ebe20] 错误 1
make[1]: 离开目录“/home/fx/softDocument/vscode/cpp/muduo_server_learn/src/10/build/debug/CMakeFiles/CMakeTmp”
make: *** [Makefile:121：cmTC_ebe20/fast] 错误 2



